2021-10-19 21:17:34,368 INFO o.a.j.u.JMeterUtils: Setting Locale to en_EN
2021-10-19 21:17:36,043 INFO o.a.j.JMeter: Loading user properties from: user.properties
2021-10-19 21:17:37,005 INFO o.a.j.JMeter: Loading system properties from: system.properties
2021-10-19 21:17:38,054 INFO o.a.j.JMeter: Copyright (c) 1998-2019 The Apache Software Foundation
2021-10-19 21:17:38,054 INFO o.a.j.JMeter: Version 5.1.1 r1855137
2021-10-19 21:17:38,055 INFO o.a.j.JMeter: java.version=1.8.0_181
2021-10-19 21:17:38,055 INFO o.a.j.JMeter: java.vm.name=Java HotSpot(TM) 64-Bit Server VM
2021-10-19 21:17:38,055 INFO o.a.j.JMeter: os.name=Windows 10
2021-10-19 21:17:38,055 INFO o.a.j.JMeter: os.arch=amd64
2021-10-19 21:17:38,055 INFO o.a.j.JMeter: os.version=10.0
2021-10-19 21:17:38,055 INFO o.a.j.JMeter: file.encoding=Cp1252
2021-10-19 21:17:38,055 INFO o.a.j.JMeter: java.awt.headless=true
2021-10-19 21:17:38,056 INFO o.a.j.JMeter: Max memory     =1073741824
2021-10-19 21:17:38,056 INFO o.a.j.JMeter: Available Processors =4
2021-10-19 21:17:39,513 INFO o.a.j.JMeter: Default Locale=English (EN)
2021-10-19 21:17:39,513 INFO o.a.j.JMeter: JMeter  Locale=English (EN)
2021-10-19 21:17:39,513 INFO o.a.j.JMeter: JMeterHome=D:\apache-jmeter-5.1.1\apache-jmeter-5.1.1
2021-10-19 21:17:39,518 INFO o.a.j.JMeter: user.dir  =D:\apache-jmeter-5.1.1\apache-jmeter-5.1.1\bin
2021-10-19 21:17:39,520 INFO o.a.j.JMeter: PWD       =D:\apache-jmeter-5.1.1\apache-jmeter-5.1.1\bin
2021-10-19 21:17:39,546 INFO o.a.j.JMeter: IP: 192.168.43.144 Name: ATMECSINLT-257 FullName: ATMECSINLT-257.ATMECS.CORP
2021-10-19 21:17:40,442 INFO o.a.j.r.RmiUtils: Disabling SSL for RMI as server.rmi.ssl.disable is set to 'true'
2021-10-19 21:17:40,443 INFO o.a.j.r.RmiUtils: Disabling SSL for RMI as server.rmi.ssl.disable is set to 'true'
2021-10-19 21:17:48,802 INFO o.a.j.e.RemoteJMeterEngineImpl: Starting backing engine on 1099
2021-10-19 21:17:49,139 INFO o.a.j.r.RmiUtils: System property 'java.rmi.server.hostname' is not defined, using localHost address
2021-10-19 21:17:49,141 INFO o.a.j.r.RmiUtils: Local IP address=192.168.43.144
2021-10-19 21:17:49,141 INFO o.a.j.e.RemoteJMeterEngineImpl: IP address is a site-local address; this may cause problems with remote access.
	Can be overridden by defining the system property 'java.rmi.server.hostname' - see jmeter-server script file
2021-10-19 21:17:49,141 INFO o.a.j.e.RemoteJMeterEngineImpl: Creating RMI registry (server.rmi.create=true)
2021-10-19 21:17:49,141 INFO o.a.j.r.RmiUtils: Disabling SSL for RMI as server.rmi.ssl.disable is set to 'true'
2021-10-19 21:17:49,142 INFO o.a.j.r.RmiUtils: Disabling SSL for RMI as server.rmi.ssl.disable is set to 'true'
2021-10-19 21:17:49,415 INFO o.a.j.e.RemoteJMeterEngineImpl: Bound to RMI registry on port 1099
