2021-05-11 11:02:09,698 INFO o.a.j.u.JMeterUtils: Setting Locale to en_IN
2021-05-11 11:02:09,719 INFO o.a.j.JMeter: Loading user properties from: user.properties
2021-05-11 11:02:09,720 INFO o.a.j.JMeter: Loading system properties from: system.properties
2021-05-11 11:02:09,722 INFO o.a.j.JMeter: Loading additional properties from: D:\apache-jmeter-5.1.1\apache-jmeter-5.1.1\bin\user.properties
2021-05-11 11:02:09,730 INFO o.a.j.JMeter: Copyright (c) 1998-2019 The Apache Software Foundation
2021-05-11 11:02:09,730 INFO o.a.j.JMeter: Version 5.1.1 r1855137
2021-05-11 11:02:09,730 INFO o.a.j.JMeter: java.version=1.8.0_181
2021-05-11 11:02:09,730 INFO o.a.j.JMeter: java.vm.name=Java HotSpot(TM) 64-Bit Server VM
2021-05-11 11:02:09,730 INFO o.a.j.JMeter: os.name=Windows 10
2021-05-11 11:02:09,730 INFO o.a.j.JMeter: os.arch=amd64
2021-05-11 11:02:09,731 INFO o.a.j.JMeter: os.version=10.0
2021-05-11 11:02:09,731 INFO o.a.j.JMeter: file.encoding=Cp1252
2021-05-11 11:02:09,731 INFO o.a.j.JMeter: java.awt.headless=true
2021-05-11 11:02:09,731 INFO o.a.j.JMeter: Max memory     =1875378176
2021-05-11 11:02:09,731 INFO o.a.j.JMeter: Available Processors =4
2021-05-11 11:02:09,736 INFO o.a.j.JMeter: Default Locale=English (India)
2021-05-11 11:02:09,736 INFO o.a.j.JMeter: JMeter  Locale=English (India)
2021-05-11 11:02:09,737 INFO o.a.j.JMeter: JMeterHome=D:\apache-jmeter-5.1.1\apache-jmeter-5.1.1
2021-05-11 11:02:09,737 INFO o.a.j.JMeter: user.dir  =D:\apache-jmeter-5.1.1\apache-jmeter-5.1.1\bin
2021-05-11 11:02:09,737 INFO o.a.j.JMeter: PWD       =D:\apache-jmeter-5.1.1\apache-jmeter-5.1.1\bin
2021-05-11 11:02:09,740 INFO o.a.j.JMeter: IP: 192.168.205.43 Name: ATMECSINLT-257 FullName: ATMECSINLT-257.ATMECS.CORP
2021-05-11 11:02:09,743 INFO o.a.j.JMeter: Setting property 'jmeter.reportgenerator.outputdir' to:'E:\docfile\test'
2021-05-11 11:02:09,757 INFO o.a.j.r.d.ReportGenerator: ReportGenerator will use for Parsing the separator: '	'
2021-05-11 11:02:09,758 INFO o.a.j.r.d.ReportGenerator: Will only generate report from results file: C:\Users\vamsi.kalki\Desktop\aggregate.csv
2021-05-11 11:02:09,758 INFO o.a.j.r.d.ReportGenerator: Reading report generator properties from: D:\apache-jmeter-5.1.1\apache-jmeter-5.1.1\bin\reportgenerator.properties
2021-05-11 11:02:09,759 INFO o.a.j.r.d.ReportGenerator: Merging with JMeter properties
2021-05-11 11:02:09,767 INFO o.a.j.r.c.ReportGeneratorConfiguration: Property 'jmeter.reportgenerator.temp_dir' not found, using default value 'temp' instead.
2021-05-11 11:02:09,772 INFO o.a.j.r.c.ReportGeneratorConfiguration: Property 'jmeter.reportgenerator.apdex_per_transaction' not found, using default value 'null' instead.
2021-05-11 11:02:09,776 INFO o.a.j.r.c.ReportGeneratorConfiguration: apdex_per_transaction : {} is empty, not APDEX per transaction customization
2021-05-11 11:02:09,777 INFO o.a.j.r.c.ReportGeneratorConfiguration: Property 'jmeter.reportgenerator.sample_filter' not found, using default value 'null' instead.
2021-05-11 11:02:09,777 INFO o.a.j.r.c.ReportGeneratorConfiguration: Property 'jmeter.reportgenerator.report_title' not found, using default value 'null' instead.
2021-05-11 11:02:09,777 INFO o.a.j.r.c.ReportGeneratorConfiguration: Property 'jmeter.reportgenerator.start_date' not found, using default value 'null' instead.
2021-05-11 11:02:09,777 INFO o.a.j.r.c.ReportGeneratorConfiguration: Property 'jmeter.reportgenerator.end_date' not found, using default value 'null' instead.
2021-05-11 11:02:09,778 INFO o.a.j.r.c.ReportGeneratorConfiguration: Property 'jmeter.reportgenerator.date_format' not found, using default value 'null' instead.
2021-05-11 11:02:09,778 INFO o.a.j.r.c.ReportGeneratorConfiguration: Will use date range start date: null, end date: null
2021-05-11 11:02:09,785 INFO o.a.j.r.c.ReportGeneratorConfiguration: Property 'jmeter.reportgenerator.graph.totalTPS.exclude_controllers' not found, using default value 'false' instead.
2021-05-11 11:02:09,785 INFO o.a.j.r.c.ReportGeneratorConfiguration: Property 'jmeter.reportgenerator.graph.activeThreadsOverTime.exclude_controllers' not found, using default value 'false' instead.
2021-05-11 11:02:09,785 INFO o.a.j.r.c.ReportGeneratorConfiguration: Property 'jmeter.reportgenerator.graph.timeVsThreads.exclude_controllers' not found, using default value 'false' instead.
2021-05-11 11:02:09,786 INFO o.a.j.r.c.ReportGeneratorConfiguration: Property 'jmeter.reportgenerator.graph.responseTimeDistribution.exclude_controllers' not found, using default value 'false' instead.
2021-05-11 11:02:09,786 INFO o.a.j.r.c.ReportGeneratorConfiguration: Property 'jmeter.reportgenerator.graph.transactionsPerSecond.exclude_controllers' not found, using default value 'false' instead.
2021-05-11 11:02:09,786 INFO o.a.j.r.c.ReportGeneratorConfiguration: Property 'jmeter.reportgenerator.graph.responseTimePercentiles.exclude_controllers' not found, using default value 'false' instead.
2021-05-11 11:02:09,787 INFO o.a.j.r.c.ReportGeneratorConfiguration: Property 'jmeter.reportgenerator.graph.responseTimePercentilesOverTime.exclude_controllers' not found, using default value 'false' instead.
2021-05-11 11:02:09,787 INFO o.a.j.r.c.ReportGeneratorConfiguration: Property 'jmeter.reportgenerator.graph.responseTimesOverTime.exclude_controllers' not found, using default value 'false' instead.
2021-05-11 11:02:09,787 INFO o.a.j.r.c.ReportGeneratorConfiguration: Property 'jmeter.reportgenerator.graph.connectTimeOverTime.exclude_controllers' not found, using default value 'false' instead.
2021-05-11 11:02:09,788 INFO o.a.j.r.c.ReportGeneratorConfiguration: Property 'jmeter.reportgenerator.graph.latenciesOverTime.exclude_controllers' not found, using default value 'false' instead.
2021-05-11 11:02:09,790 INFO o.a.j.r.c.ReportGeneratorConfiguration: Property 'jmeter.reportgenerator.exporter.json.filters_only_sample_series' not found, using default value 'true' instead.
2021-05-11 11:02:09,790 INFO o.a.j.r.c.ReportGeneratorConfiguration: Property 'jmeter.reportgenerator.exporter.json.series_filter' not found, using default value '' instead.
2021-05-11 11:02:09,790 INFO o.a.j.r.c.ReportGeneratorConfiguration: Property 'jmeter.reportgenerator.exporter.json.show_controllers_only' not found, using default value 'false' instead.
2021-05-11 11:02:09,791 INFO o.a.j.r.c.ReportGeneratorConfiguration: Property 'jmeter.reportgenerator.exporter.html.filters_only_sample_series' not found, using default value 'true' instead.
2021-05-11 11:02:09,791 INFO o.a.j.r.c.ReportGeneratorConfiguration: Property 'jmeter.reportgenerator.exporter.html.series_filter' not found, using default value '' instead.
2021-05-11 11:02:09,791 INFO o.a.j.r.c.ReportGeneratorConfiguration: Property 'jmeter.reportgenerator.exporter.html.show_controllers_only' not found, using default value 'false' instead.
2021-05-11 11:02:10,028 INFO o.a.j.s.SaveService: Testplan (JMX) version: 2.2. Testlog (JTL) version: 2.2
2021-05-11 11:02:10,047 INFO o.a.j.s.SaveService: Using SaveService properties file encoding UTF-8
2021-05-11 11:02:10,054 INFO o.a.j.s.SaveService: Using SaveService properties version 5.0
2021-05-11 11:02:10,094 WARN o.a.j.s.CSVSaveService: Unknown column name Label,# Samples,Average,Median,90% Line,95% Line,99% Line,Min,Max,Error %,Throughput,Received KB/sec,Sent KB/sec
2021-05-11 11:02:10,103 WARN o.a.j.r.c.CsvSampleReader: File 'C:\Users\vamsi.kalki\Desktop\aggregate.csv' does not contain the field names header, ensure the jmeter.save.saveservice.* properties are the same as when the CSV file was created or the file may be read incorrectly when generating report
2021-05-11 11:02:10,103 ERROR o.a.j.JMeter: An error occurred: 
org.apache.jmeter.report.core.SampleException: Mismatch between expected number of columns:17 and columns in CSV file:1, check your jmeter.save.saveservice.* configuration or check line is complete
	at org.apache.jmeter.report.core.CsvSampleReader.nextSample(CsvSampleReader.java:189) ~[ApacheJMeter_core.jar:5.1.1 r1855137]
	at org.apache.jmeter.report.core.CsvSampleReader.<init>(CsvSampleReader.java:135) ~[ApacheJMeter_core.jar:5.1.1 r1855137]
	at org.apache.jmeter.report.core.CsvSampleReader.<init>(CsvSampleReader.java:87) ~[ApacheJMeter_core.jar:5.1.1 r1855137]
	at org.apache.jmeter.report.processor.CsvFileSampleSource.<init>(CsvFileSampleSource.java:113) ~[ApacheJMeter_core.jar:5.1.1 r1855137]
	at org.apache.jmeter.report.dashboard.ReportGenerator.generate(ReportGenerator.java:211) ~[ApacheJMeter_core.jar:5.1.1 r1855137]
	at org.apache.jmeter.JMeter.start(JMeter.java:542) [ApacheJMeter_core.jar:5.1.1 r1855137]
	at sun.reflect.NativeMethodAccessorImpl.invoke0(Native Method) ~[?:1.8.0_181]
	at sun.reflect.NativeMethodAccessorImpl.invoke(Unknown Source) ~[?:1.8.0_181]
	at sun.reflect.DelegatingMethodAccessorImpl.invoke(Unknown Source) ~[?:1.8.0_181]
	at java.lang.reflect.Method.invoke(Unknown Source) ~[?:1.8.0_181]
	at org.apache.jmeter.NewDriver.main(NewDriver.java:253) [ApacheJMeter.jar:5.1.1 r1855137]
