2021-10-22 15:26:40,480 INFO o.a.j.u.JMeterUtils: Setting Locale to en_IN
2021-10-22 15:26:40,634 INFO o.a.j.JMeter: Loading user properties from: user.properties
2021-10-22 15:26:40,634 INFO o.a.j.JMeter: Loading system properties from: system.properties
2021-10-22 15:26:40,666 INFO o.a.j.JMeter: Copyright (c) 1998-2019 The Apache Software Foundation
2021-10-22 15:26:40,666 INFO o.a.j.JMeter: Version 5.1.1 r1855137
2021-10-22 15:26:40,666 INFO o.a.j.JMeter: java.version=1.8.0_181
2021-10-22 15:26:40,666 INFO o.a.j.JMeter: java.vm.name=Java HotSpot(TM) 64-Bit Server VM
2021-10-22 15:26:40,666 INFO o.a.j.JMeter: os.name=Windows 10
2021-10-22 15:26:40,666 INFO o.a.j.JMeter: os.arch=amd64
2021-10-22 15:26:40,666 INFO o.a.j.JMeter: os.version=10.0
2021-10-22 15:26:40,666 INFO o.a.j.JMeter: file.encoding=Cp1252
2021-10-22 15:26:40,666 INFO o.a.j.JMeter: java.awt.headless=null
2021-10-22 15:26:40,666 INFO o.a.j.JMeter: Max memory     =1875378176
2021-10-22 15:26:40,666 INFO o.a.j.JMeter: Available Processors =4
2021-10-22 15:26:40,766 INFO o.a.j.JMeter: Default Locale=English (India)
2021-10-22 15:26:40,766 INFO o.a.j.JMeter: JMeter  Locale=English (India)
2021-10-22 15:26:40,766 INFO o.a.j.JMeter: JMeterHome=D:\apache-jmeter-5.1.1\apache-jmeter-5.1.1
2021-10-22 15:26:40,781 INFO o.a.j.JMeter: user.dir  =D:\apache-jmeter-5.1.1\apache-jmeter-5.1.1\bin
2021-10-22 15:26:40,781 INFO o.a.j.JMeter: PWD       =D:\apache-jmeter-5.1.1\apache-jmeter-5.1.1\bin
2021-10-22 15:26:40,797 INFO o.a.j.JMeter: IP: 192.168.205.52 Name: ATMECSINLT-257 FullName: ATMECSINLT-257.ATMECS.CORP
2021-10-22 15:26:42,467 INFO o.a.j.g.a.LookAndFeelCommand: Installing Darcula LAF
2021-10-22 15:26:42,616 INFO o.a.j.g.a.LookAndFeelCommand: Using look and feel: com.sun.java.swing.plaf.windows.WindowsLookAndFeel [Darcula]
2021-10-22 15:26:42,616 INFO o.a.j.JMeter: Setting LAF to: com.sun.java.swing.plaf.windows.WindowsLookAndFeel
2021-10-22 15:26:42,842 INFO o.a.j.JMeter: Loaded icon properties from org/apache/jmeter/images/icon.properties
2021-10-22 15:26:47,500 WARN o.j.r.PluginManager: Found JAR conflict: D:\apache-jmeter-5.1.1\apache-jmeter-5.1.1\lib\commons-codec-1.11.jar and D:\apache-jmeter-5.1.1\apache-jmeter-5.1.1\lib\commons-codec-1.10.jar
2021-10-22 15:26:47,500 WARN o.j.r.PluginManager: Found JAR conflict: D:\apache-jmeter-5.1.1\apache-jmeter-5.1.1\lib\commons-codec-1.9.jar and D:\apache-jmeter-5.1.1\apache-jmeter-5.1.1\lib\commons-codec-1.11.jar
2021-10-22 15:26:47,500 WARN o.j.r.PluginManager: Found JAR conflict: D:\apache-jmeter-5.1.1\apache-jmeter-5.1.1\lib\junit-4.12.jar and D:\apache-jmeter-5.1.1\apache-jmeter-5.1.1\lib\junit-4.11.jar
2021-10-22 15:26:47,500 WARN o.j.r.PluginManager: Found JAR conflict: D:\apache-jmeter-5.1.1\apache-jmeter-5.1.1\lib\log4j-1.2.17.jar and D:\apache-jmeter-5.1.1\apache-jmeter-5.1.1\lib\log4j-1.2.14.jar
2021-10-22 15:26:47,500 WARN o.j.r.PluginManager: Found JAR conflict: D:\apache-jmeter-5.1.1\apache-jmeter-5.1.1\lib\tika-core-1.21.jar and D:\apache-jmeter-5.1.1\apache-jmeter-5.1.1\lib\tika-core-1.20.jar
2021-10-22 15:26:47,500 WARN o.j.r.PluginManager: Found JAR conflict: D:\apache-jmeter-5.1.1\apache-jmeter-5.1.1\lib\tika-parsers-1.21.jar and D:\apache-jmeter-5.1.1\apache-jmeter-5.1.1\lib\tika-parsers-1.20.jar
2021-10-22 15:26:47,515 WARN o.j.r.PluginManager: Found JAR conflict: D:\apache-jmeter-5.1.1\apache-jmeter-5.1.1\lib\ext\ApacheJMeter_functions.jar and D:\apache-jmeter-5.1.1\apache-jmeter-5.1.1\lib\ext\ApacheJMeter_functions-5.2.1.jar
2021-10-22 15:26:47,515 WARN o.j.r.PluginManager: Found JAR conflict: D:\apache-jmeter-5.1.1\apache-jmeter-5.1.1\lib\ext\jmeter-plugins-random-csv-data-set-0.7.jar and D:\apache-jmeter-5.1.1\apache-jmeter-5.1.1\lib\ext\jmeter-plugins-random-csv-data-set-0.6.jar
2021-10-22 15:26:48,662 INFO o.j.r.JARSourceHTTP: Requesting https://jmeter-plugins.org/repo/?installID=windows_10-87f8d135f4ba740e3bbd2dcfaf17b91d-gui
2021-10-22 15:26:51,240 INFO o.a.j.e.KeyToolUtils: keytool found at 'keytool'
2021-10-22 15:26:51,240 INFO o.a.j.p.h.p.ProxyControl: HTTP(S) Test Script Recorder SSL Proxy will use keys that support embedded 3rd party resources in file D:\apache-jmeter-5.1.1\apache-jmeter-5.1.1\bin\proxyserver.jks
2021-10-22 15:26:52,128 INFO c.b.j.c.CorrelationProxyControlGui: bzm - Correlation Recorder Test Plan Template installed
2021-10-22 15:26:52,175 INFO c.b.j.c.CorrelationProxyControlGui: Siebel Correlation's Template installed
2021-10-22 15:26:52,228 INFO o.a.j.p.h.s.HTTPSamplerBase: Parser for text/html is org.apache.jmeter.protocol.http.parser.LagartoBasedHtmlParser
2021-10-22 15:26:52,228 INFO o.a.j.p.h.s.HTTPSamplerBase: Parser for application/xhtml+xml is org.apache.jmeter.protocol.http.parser.LagartoBasedHtmlParser
2021-10-22 15:26:52,228 INFO o.a.j.p.h.s.HTTPSamplerBase: Parser for application/xml is org.apache.jmeter.protocol.http.parser.LagartoBasedHtmlParser
2021-10-22 15:26:52,228 INFO o.a.j.p.h.s.HTTPSamplerBase: Parser for text/xml is org.apache.jmeter.protocol.http.parser.LagartoBasedHtmlParser
2021-10-22 15:26:52,228 INFO o.a.j.p.h.s.HTTPSamplerBase: Parser for text/vnd.wap.wml is org.apache.jmeter.protocol.http.parser.RegexpHTMLParser
2021-10-22 15:26:52,228 INFO o.a.j.p.h.s.HTTPSamplerBase: Parser for text/css is org.apache.jmeter.protocol.http.parser.CssParser
2021-10-22 15:26:53,463 WARN o.a.j.g.ObjectTableModel: Header count=13 but classes count=11
2021-10-22 15:26:53,463 WARN o.a.j.g.ObjectTableModel: Header count=13 but writeFunctor count=11
2021-10-22 15:26:54,898 INFO o.a.j.s.FileServer: Default base='D:\apache-jmeter-5.1.1\apache-jmeter-5.1.1\bin'
2021-10-22 15:26:57,112 INFO o.a.j.s.SampleResult: Note: Sample TimeStamps are START times
2021-10-22 15:26:57,112 INFO o.a.j.s.SampleResult: sampleresult.default.encoding is set to ISO-8859-1
2021-10-22 15:26:57,112 INFO o.a.j.s.SampleResult: sampleresult.useNanoTime=true
2021-10-22 15:26:57,112 INFO o.a.j.s.SampleResult: sampleresult.nanoThreadSleep=5000
2021-10-22 15:26:57,756 INFO o.j.r.PluginManager: Plugins Status: [jpgc-graphs-basic=2.0, jpgc-graphs-additional=2.0, bzm-siebel=1.1.1, jpgc-cmd=2.2, jpgc-graphs-composite=2.0, jpgc-functions=2.1, jpgc-casutg=2.9, jpgc-dummy=0.4, jpgc-filterresults=2.2, jpgc-ggl=2.0, jpgc-fifo=0.2, jpgc-graphs-vs=2.0, bzm-parallel=0.9, jpgc-prmctl=0.4, jpgc-perfmon=2.1, jpgc-plugins-manager=1.6, bzm-random-csv=0.6, ssh-sampler=1.1.1-SNAPSHOT, jpgc-webdriver=3.3, jpgc-synthesis=2.2, jpgc-udp=0.4, jmeter-core=5.1.1, jmeter-ftp=5.1.1, jmeter-http=5.1.1, jmeter-jdbc=5.1.1, jmeter-jms=5.1.1, jmeter-junit=5.1.1, jmeter-java=5.1.1, jmeter-ldap=5.1.1, jmeter-mail=5.1.1, jmeter-mongodb=5.1.1, jmeter-native=5.1.1, jmeter-tcp=5.1.1, jmeter-components=5.1.1]
2021-10-22 15:26:57,794 INFO o.j.r.PluginManagerMenuItem: Plugins Manager has upgrades: [bzm-siebel, jpgc-casutg, bzm-parallel, bzm-random-csv, ssh-sampler]
2021-10-22 15:26:59,185 INFO o.a.j.g.a.t.TemplateManager: Reading templates from: D:\apache-jmeter-5.1.1\apache-jmeter-5.1.1\bin\templates\templates.xml
2021-10-22 15:27:12,953 INFO o.a.j.g.a.Load: Loading file: C:\Users\VAMSI~1.KAL\AppData\Local\Temp\T360_Template1011850418356220028.output
2021-10-22 15:27:13,354 INFO o.a.j.s.SaveService: Testplan (JMX) version: 2.2. Testlog (JTL) version: 2.2
2021-10-22 15:27:13,517 INFO o.a.j.s.SaveService: Using SaveService properties file encoding UTF-8
2021-10-22 15:27:13,517 INFO o.a.j.s.SaveService: Using SaveService properties version 5.0
2021-10-22 15:27:13,517 INFO o.a.j.s.SaveService: Loading file: C:\Users\VAMSI~1.KAL\AppData\Local\Temp\T360_Template1011850418356220028.output
2021-10-22 15:27:13,886 INFO o.a.j.p.h.c.CookieManager: Settings: Delete null: true Check: true Allow variable: true Save: false Prefix: COOKIE_
2021-10-22 15:27:13,886 INFO o.a.j.p.h.c.CacheManager: Will only cache the following methods: [GET]
2021-10-22 15:30:50,617 INFO o.a.j.e.u.CompoundVariable: Note: Function class names must contain the string: '.functions.'
2021-10-22 15:30:50,617 INFO o.a.j.e.u.CompoundVariable: Note: Function class names must not contain the string: '.gui.'
2021-10-22 15:30:51,651 INFO o.a.j.p.h.p.ProxyControl: Valid alias found for :root_ca:
2021-10-22 15:30:51,651 INFO o.a.j.p.h.p.ProxyControl: Valid alias found for :intermediate_ca:
2021-10-22 15:30:51,735 INFO o.a.j.p.h.p.Daemon: Creating Daemon Socket on port: 8888
2021-10-22 15:30:51,735 INFO o.a.j.p.h.p.Daemon: Test Script Recorder up and running!
2021-10-22 15:30:51,851 INFO o.a.j.p.h.p.Proxy: Proxy will remove the headers: If-Modified-Since,If-None-Match,Host
2021-10-22 15:30:51,920 INFO o.a.j.p.h.p.Proxy: [16754]  KeyStore for SSL loaded OK and put host 'chat.google.com' in map with key (chat.google.com)
2021-10-22 15:30:51,958 INFO o.a.j.p.h.p.Proxy: [1047]  KeyStore for SSL loaded OK and put host 'eastus2-prod-2.notifications.teams.microsoft.com' in map with key (eastus2-prod-2.notifications.teams.microsoft.com)
2021-10-22 15:30:52,060 INFO o.a.j.p.h.p.Proxy: [17656]  KeyStore for SSL loaded OK and put host 'play.google.com' in map with key (play.google.com)
2021-10-22 15:30:52,162 INFO o.a.j.p.h.s.HTTPHCAbstractImpl: Local host = ATMECSINLT-257
2021-10-22 15:30:52,172 INFO o.a.j.p.h.s.HTTPHC4Impl: HTTP request retry count = 0
2021-10-22 15:30:52,342 INFO o.a.j.p.h.s.h.LazyLayeredConnectionSocketFactory: Setting up HTTPS TrustAll Socket Factory
2021-10-22 15:30:52,344 INFO o.a.j.u.JsseSSLManager: Using default SSL protocol: TLS
2021-10-22 15:30:52,344 INFO o.a.j.u.JsseSSLManager: SSL session context: per-thread
2021-10-22 15:30:52,383 INFO o.a.j.u.SSLManager: JmeterKeyStore Location:  type JKS
2021-10-22 15:30:52,383 INFO o.a.j.u.SSLManager: KeyStore created OK
2021-10-22 15:30:52,383 WARN o.a.j.u.SSLManager: Keystore file not found, loading empty keystore
2021-10-22 15:30:57,139 INFO o.a.j.p.h.p.Proxy: [19747]  KeyStore for SSL loaded OK and put host '10.10.10.28' in map with key (10.10.10.28)
2021-10-22 15:30:57,328 WARN o.a.j.p.h.p.Proxy: [19748]  Problem with SSL certificate for url  for '10.10.10.28'? Ensure browser is set to accept the JMeter proxy cert: Remote host closed connection during handshake
2021-10-22 15:30:57,329 INFO o.a.j.s.SampleEvent: List of sample_variables: []
2021-10-22 15:30:58,405 INFO o.a.j.p.h.p.ProxyControl: [1038]  Creating entry teams.microsoft.com in D:\apache-jmeter-5.1.1\apache-jmeter-5.1.1\bin\proxyserver.jks
2021-10-22 15:30:58,586 INFO o.a.j.p.h.p.Proxy: [20959]  KeyStore for SSL loaded OK and put host 'web-p2.dev.wkelms.com' in map with key (web-p2.dev.wkelms.com)
2021-10-22 15:31:01,375 INFO o.a.j.p.h.p.Proxy: [9934]  KeyStore for SSL loaded OK and put host 'www.google.com' in map with key (www.google.com)
2021-10-22 15:31:02,620 INFO o.a.j.p.h.p.Proxy: [1038]  KeyStore for SSL loaded OK and put host 'teams.microsoft.com' in map with key (teams.microsoft.com)
2021-10-22 15:31:02,879 INFO o.a.j.p.h.p.Proxy: [1049]  KeyStore for SSL loaded OK and put host 'content-autofill.googleapis.com' in map with key (content-autofill.googleapis.com)
2021-10-22 15:31:04,972 INFO o.a.j.p.h.p.Proxy: [17232]  KeyStore for SSL loaded OK and put host 'noam.presence.teams.microsoft.com' in map with key (noam.presence.teams.microsoft.com)
2021-10-22 15:31:05,549 INFO o.a.j.p.h.p.Proxy: [23117]  KeyStore for SSL loaded OK and put host 'pdx-col.eum-appdynamics.com' in map with key (pdx-col.eum-appdynamics.com)
2021-10-22 15:31:06,766 INFO o.a.j.p.h.p.Proxy: [31877]  KeyStore for SSL loaded OK and put host 'ssl.gstatic.com' in map with key (ssl.gstatic.com)
2021-10-22 15:31:11,260 INFO o.a.j.p.h.p.Proxy: [1025]  KeyStore for SSL loaded OK and put host 'signaler-pa.clients6.google.com' in map with key (signaler-pa.clients6.google.com)
2021-10-22 15:31:17,232 WARN o.a.j.p.h.p.Proxy: [19747]  Problem with SSL certificate for url  for '10.10.10.28'? Ensure browser is set to accept the JMeter proxy cert: Remote host closed connection during handshake
2021-10-22 15:31:17,796 INFO o.a.j.p.h.p.Proxy: [24099]  KeyStore for SSL loaded OK and put host 'mail.google.com' in map with key (mail.google.com)
2021-10-22 15:31:30,546 INFO o.a.j.p.h.p.Proxy: [1028]  KeyStore for SSL loaded OK and put host 'google.com' in map with key (google.com)
2021-10-22 15:32:02,734 WARN o.a.j.p.h.p.Proxy: [22977]  Empty response to http over SSL. Probably waiting for user to authorize the certificate for www.google.com:443
2021-10-22 15:32:02,734 WARN o.a.j.p.h.p.Proxy: [9934]  Empty response to http over SSL. Probably waiting for user to authorize the certificate for www.google.com:443
2021-10-22 15:32:24,038 WARN o.a.j.p.h.p.Proxy: [29124]  Problem with SSL certificate for url  for '10.10.10.28'? Ensure browser is set to accept the JMeter proxy cert: Remote host closed connection during handshake
2021-10-22 15:32:27,698 INFO o.a.j.p.h.p.Proxy: [1025]  KeyStore for SSL loaded OK and put host '0.client-channel.google.com' in map with key (0.client-channel.google.com)
2021-10-22 15:32:27,724 WARN o.a.j.p.h.p.Proxy: [1025]  Problem with SSL certificate for url  for '0.client-channel.google.com'? Ensure browser is set to accept the JMeter proxy cert: Received fatal alert: certificate_unknown
2021-10-22 15:32:27,916 WARN o.a.j.p.h.p.Proxy: [1026]  Problem with SSL certificate for url  for '0.client-channel.google.com'? Ensure browser is set to accept the JMeter proxy cert: Received fatal alert: certificate_unknown
2021-10-22 15:32:28,370 INFO o.a.j.p.h.p.ProxyControl: [1031]  Creating entry 113.29.117.44 in D:\apache-jmeter-5.1.1\apache-jmeter-5.1.1\bin\proxyserver.jks
2021-10-22 15:32:31,764 INFO o.a.j.p.h.p.Proxy: [1031]  KeyStore for SSL loaded OK and put host '113.29.117.44' in map with key (113.29.117.44)
2021-10-22 15:32:31,765 WARN o.a.j.p.h.p.Proxy: [1031]  Problem with SSL certificate for url  for '113.29.117.44'? Ensure browser is set to accept the JMeter proxy cert: Remote host closed connection during handshake
2021-10-22 15:32:37,767 WARN o.a.j.p.h.p.Proxy: [5653]  Problem with SSL certificate for url  for '0.client-channel.google.com'? Ensure browser is set to accept the JMeter proxy cert: Received fatal alert: certificate_unknown
2021-10-22 15:32:57,357 INFO o.a.j.p.h.p.Proxy: [15194]  KeyStore for SSL loaded OK and put host 'beacons.gcp.gvt2.com' in map with key (beacons.gcp.gvt2.com)
2021-10-22 15:33:07,752 WARN o.a.j.p.h.p.Proxy: [21408]  Problem with SSL certificate for url  for '0.client-channel.google.com'? Ensure browser is set to accept the JMeter proxy cert: Received fatal alert: certificate_unknown
2021-10-22 15:33:07,773 INFO o.a.j.p.h.p.Proxy: [1028]  KeyStore for SSL loaded OK and put host 'safebrowsing.googleapis.com' in map with key (safebrowsing.googleapis.com)
2021-10-22 15:33:08,095 WARN o.a.j.p.h.p.Proxy: [1030]  Problem with SSL certificate for url  for '0.client-channel.google.com'? Ensure browser is set to accept the JMeter proxy cert: Received fatal alert: certificate_unknown
2021-10-22 15:33:08,152 WARN o.a.j.p.h.p.Proxy: [5116]  Problem with SSL certificate for url  for '0.client-channel.google.com'? Ensure browser is set to accept the JMeter proxy cert: Received fatal alert: certificate_unknown
2021-10-22 15:33:11,813 WARN o.a.j.p.h.p.Proxy: [1025]  Problem with SSL certificate for url  for '0.client-channel.google.com'? Ensure browser is set to accept the JMeter proxy cert: Received fatal alert: certificate_unknown
2021-10-22 15:33:11,842 WARN o.a.j.p.h.p.Proxy: [1026]  Problem with SSL certificate for url  for '0.client-channel.google.com'? Ensure browser is set to accept the JMeter proxy cert: Received fatal alert: certificate_unknown
2021-10-22 15:33:22,976 WARN o.a.j.p.h.p.Proxy: [1026]  Problem with SSL certificate for url  for '0.client-channel.google.com'? Ensure browser is set to accept the JMeter proxy cert: Received fatal alert: certificate_unknown
2021-10-22 15:33:25,762 WARN o.a.j.p.h.p.Proxy: [9111]  Problem with SSL certificate for url  for '0.client-channel.google.com'? Ensure browser is set to accept the JMeter proxy cert: Received fatal alert: certificate_unknown
2021-10-22 15:33:25,784 WARN o.a.j.p.h.p.Proxy: [1030]  Problem with SSL certificate for url  for '0.client-channel.google.com'? Ensure browser is set to accept the JMeter proxy cert: Received fatal alert: certificate_unknown
2021-10-22 15:33:30,777 WARN o.a.j.p.h.p.Proxy: [1028]  Problem with SSL certificate for url  for '0.client-channel.google.com'? Ensure browser is set to accept the JMeter proxy cert: Received fatal alert: certificate_unknown
2021-10-22 15:33:30,802 WARN o.a.j.p.h.p.Proxy: [1029]  Problem with SSL certificate for url  for '0.client-channel.google.com'? Ensure browser is set to accept the JMeter proxy cert: Received fatal alert: certificate_unknown
2021-10-22 15:33:48,669 WARN o.a.j.p.h.p.Proxy: [13267]  Problem with SSL certificate for url  for '10.10.10.28'? Ensure browser is set to accept the JMeter proxy cert: Remote host closed connection during handshake
2021-10-22 15:33:49,798 WARN o.a.j.p.h.p.Proxy: [3761]  Problem with SSL certificate for url  for '0.client-channel.google.com'? Ensure browser is set to accept the JMeter proxy cert: Received fatal alert: certificate_unknown
2021-10-22 15:33:49,830 WARN o.a.j.p.h.p.Proxy: [1025]  Problem with SSL certificate for url  for '0.client-channel.google.com'? Ensure browser is set to accept the JMeter proxy cert: Received fatal alert: certificate_unknown
2021-10-22 15:33:52,743 INFO o.a.j.p.h.p.Daemon: HTTP(S) Test Script Recorder stopped
