"SwingWorker-pool-3-thread-4" Id=64 WAITING on java.util.concurrent.locks.AbstractQueuedSynchronizer$ConditionObject@186afb36
	at sun.misc.Unsafe.park(Native Method)
	-  waiting on java.util.concurrent.locks.AbstractQueuedSynchronizer$ConditionObject@186afb36
	at java.util.concurrent.locks.LockSupport.park(Unknown Source)
	at java.util.concurrent.locks.AbstractQueuedSynchronizer$ConditionObject.await(Unknown Source)
	at java.util.concurrent.LinkedBlockingQueue.take(Unknown Source)
	at java.util.concurrent.ThreadPoolExecutor.getTask(Unknown Source)
	at java.util.concurrent.ThreadPoolExecutor.runWorker(Unknown Source)
	at java.util.concurrent.ThreadPoolExecutor$Worker.run(Unknown Source)
	at java.lang.Thread.run(Unknown Source)

"SwingWorker-pool-3-thread-3" Id=62 WAITING on java.util.concurrent.locks.AbstractQueuedSynchronizer$ConditionObject@186afb36
	at sun.misc.Unsafe.park(Native Method)
	-  waiting on java.util.concurrent.locks.AbstractQueuedSynchronizer$ConditionObject@186afb36
	at java.util.concurrent.locks.LockSupport.park(Unknown Source)
	at java.util.concurrent.locks.AbstractQueuedSynchronizer$ConditionObject.await(Unknown Source)
	at java.util.concurrent.LinkedBlockingQueue.take(Unknown Source)
	at java.util.concurrent.ThreadPoolExecutor.getTask(Unknown Source)
	at java.util.concurrent.ThreadPoolExecutor.runWorker(Unknown Source)
	at java.util.concurrent.ThreadPoolExecutor$Worker.run(Unknown Source)
	at java.lang.Thread.run(Unknown Source)

"SwingWorker-pool-3-thread-2" Id=60 WAITING on java.util.concurrent.locks.AbstractQueuedSynchronizer$ConditionObject@186afb36
	at sun.misc.Unsafe.park(Native Method)
	-  waiting on java.util.concurrent.locks.AbstractQueuedSynchronizer$ConditionObject@186afb36
	at java.util.concurrent.locks.LockSupport.park(Unknown Source)
	at java.util.concurrent.locks.AbstractQueuedSynchronizer$ConditionObject.await(Unknown Source)
	at java.util.concurrent.LinkedBlockingQueue.take(Unknown Source)
	at java.util.concurrent.ThreadPoolExecutor.getTask(Unknown Source)
	at java.util.concurrent.ThreadPoolExecutor.runWorker(Unknown Source)
	at java.util.concurrent.ThreadPoolExecutor$Worker.run(Unknown Source)
	at java.lang.Thread.run(Unknown Source)

"SwingWorker-pool-3-thread-1" Id=46 WAITING on java.util.concurrent.locks.AbstractQueuedSynchronizer$ConditionObject@186afb36
	at sun.misc.Unsafe.park(Native Method)
	-  waiting on java.util.concurrent.locks.AbstractQueuedSynchronizer$ConditionObject@186afb36
	at java.util.concurrent.locks.LockSupport.park(Unknown Source)
	at java.util.concurrent.locks.AbstractQueuedSynchronizer$ConditionObject.await(Unknown Source)
	at java.util.concurrent.LinkedBlockingQueue.take(Unknown Source)
	at java.util.concurrent.ThreadPoolExecutor.getTask(Unknown Source)
	at java.util.concurrent.ThreadPoolExecutor.runWorker(Unknown Source)
	at java.util.concurrent.ThreadPoolExecutor$Worker.run(Unknown Source)
	at java.lang.Thread.run(Unknown Source)

"NanoOffset" Id=29 TIMED_WAITING
	at java.lang.Thread.sleep(Native Method)
	at java.lang.Thread.sleep(Unknown Source)
	at java.util.concurrent.TimeUnit.sleep(Unknown Source)
	at org.apache.jmeter.samplers.SampleResult$NanoOffset.getOffset(SampleResult.java:1510)
	at org.apache.jmeter.samplers.SampleResult$NanoOffset.run(SampleResult.java:1504)

"Swing-Shell" Id=26 WAITING on java.util.concurrent.locks.AbstractQueuedSynchronizer$ConditionObject@6ebf7d94
	at sun.misc.Unsafe.park(Native Method)
	-  waiting on java.util.concurrent.locks.AbstractQueuedSynchronizer$ConditionObject@6ebf7d94
	at java.util.concurrent.locks.LockSupport.park(Unknown Source)
	at java.util.concurrent.locks.AbstractQueuedSynchronizer$ConditionObject.await(Unknown Source)
	at java.util.concurrent.LinkedBlockingQueue.take(Unknown Source)
	at java.util.concurrent.ThreadPoolExecutor.getTask(Unknown Source)
	at java.util.concurrent.ThreadPoolExecutor.runWorker(Unknown Source)
	at java.util.concurrent.ThreadPoolExecutor$Worker.run(Unknown Source)
	at sun.awt.shell.Win32ShellFolderManager2$ComInvoker$3.run(Unknown Source)
	...

"DestroyJavaVM" Id=24 RUNNABLE

"TimerQueue" Id=23 TIMED_WAITING on java.util.concurrent.locks.AbstractQueuedSynchronizer$ConditionObject@778f71e5
	at sun.misc.Unsafe.park(Native Method)
	-  waiting on java.util.concurrent.locks.AbstractQueuedSynchronizer$ConditionObject@778f71e5
	at java.util.concurrent.locks.LockSupport.parkNanos(Unknown Source)
	at java.util.concurrent.locks.AbstractQueuedSynchronizer$ConditionObject.awaitNanos(Unknown Source)
	at java.util.concurrent.DelayQueue.take(Unknown Source)
	at javax.swing.TimerQueue.run(Unknown Source)
	at java.lang.Thread.run(Unknown Source)

	Number of locked synchronizers = 1
	- java.util.concurrent.locks.ReentrantLock$NonfairSync@21b1fc09

"AWT-EventQueue-0" Id=18 RUNNABLE
	at sun.management.ThreadImpl.dumpThreads0(Native Method)
	at sun.management.ThreadImpl.dumpAllThreads(Unknown Source)
	at org.apache.jorphan.util.ThreadDumper.writeThreadDump(ThreadDumper.java:78)
	at org.apache.jorphan.util.ThreadDumper.threadDump(ThreadDumper.java:66)
	at org.apache.jorphan.util.ThreadDumper.threadDump(ThreadDumper.java:50)
	at org.apache.jmeter.gui.action.What.doAction(What.java:91)
	at org.apache.jmeter.gui.action.ActionRouter.performAction(ActionRouter.java:88)
	at org.apache.jmeter.gui.action.ActionRouter.lambda$actionPerformed$0(ActionRouter.java:70)
	...

"AWT-Windows" Id=14 RUNNABLE (in native)
	at sun.awt.windows.WToolkit.eventLoop(Native Method)
	at sun.awt.windows.WToolkit.run(Unknown Source)
	at java.lang.Thread.run(Unknown Source)

"AWT-Shutdown" Id=13 WAITING on java.lang.Object@38739769
	at java.lang.Object.wait(Native Method)
	-  waiting on java.lang.Object@38739769
	at java.lang.Object.wait(Unknown Source)
	at sun.awt.AWTAutoShutdown.run(Unknown Source)
	at java.lang.Thread.run(Unknown Source)

"Java2D Disposer" Id=12 WAITING on java.lang.ref.ReferenceQueue$Lock@2db50e2e
	at java.lang.Object.wait(Native Method)
	-  waiting on java.lang.ref.ReferenceQueue$Lock@2db50e2e
	at java.lang.ref.ReferenceQueue.remove(Unknown Source)
	at java.lang.ref.ReferenceQueue.remove(Unknown Source)
	at sun.java2d.Disposer.run(Unknown Source)
	at java.lang.Thread.run(Unknown Source)

"Attach Listener" Id=5 RUNNABLE

"Signal Dispatcher" Id=4 RUNNABLE

"Finalizer" Id=3 WAITING on java.lang.ref.ReferenceQueue$Lock@3caee25
	at java.lang.Object.wait(Native Method)
	-  waiting on java.lang.ref.ReferenceQueue$Lock@3caee25
	at java.lang.ref.ReferenceQueue.remove(Unknown Source)
	at java.lang.ref.ReferenceQueue.remove(Unknown Source)
	at java.lang.ref.Finalizer$FinalizerThread.run(Unknown Source)

"Reference Handler" Id=2 WAITING on java.lang.ref.Reference$Lock@f46b7e0
	at java.lang.Object.wait(Native Method)
	-  waiting on java.lang.ref.Reference$Lock@f46b7e0
	at java.lang.Object.wait(Unknown Source)
	at java.lang.ref.Reference.tryHandlePending(Unknown Source)
	at java.lang.ref.Reference$ReferenceHandler.run(Unknown Source)

